<?xml version="1.0" encoding="UTF-8"?>
<robot generator="Robot 3.2.2 (Python 3.9.0 on win32)" generated="20201128 04:07:16.924" rpa="false">
<suite id="s1" name="RobotProject" source="F:\Minh\Project\RobotProject">
<suite id="s1-s1" name="RobotProject" source="F:\Minh\Project\RobotProject\RobotProject">
<suite id="s1-s1-s1" name="Test" source="F:\Minh\Project\RobotProject\RobotProject\test">
<suite id="s1-s1-s1-s1" name="Login" source="F:\Minh\Project\RobotProject\RobotProject\test\Login.robot">
<kw name="Log" library="BuiltIn" type="setup">
<doc>Logs the given message with the given level.</doc>
<arguments>
<arg>Login Test Suite Start</arg>
</arguments>
<msg timestamp="20201128 04:07:17.174" level="INFO">Login Test Suite Start</msg>
<status status="PASS" starttime="20201128 04:07:17.174" endtime="20201128 04:07:17.174"></status>
</kw>
<test id="s1-s1-s1-s1-t1" name="CheckInputTextField">
<kw name="Open Browser" library="SeleniumLibrary" type="setup">
<doc>Opens a new browser instance to the optional ``url``.</doc>
<arguments>
<arg>${URL}</arg>
<arg>${BROWSER}</arg>
</arguments>
<msg timestamp="20201128 04:07:17.176" level="INFO">Opening browser 'ie' to base url 'http://demo.guru99.com/V1/index.php'.</msg>
<status status="PASS" starttime="20201128 04:07:17.176" endtime="20201128 04:07:20.188"></status>
</kw>
<kw name="Maximize Browser Window" library="SeleniumLibrary">
<doc>Maximizes current browser window.</doc>
<status status="PASS" starttime="20201128 04:07:20.188" endtime="20201128 04:07:20.223"></status>
</kw>
<kw name="Click Element" library="SeleniumLibrary">
<doc>Click the element identified by ``locator``.</doc>
<arguments>
<arg>name=uid</arg>
</arguments>
<msg timestamp="20201128 04:07:20.224" level="INFO">Clicking element 'name=uid'.</msg>
<status status="PASS" starttime="20201128 04:07:20.224" endtime="20201128 04:07:20.625"></status>
</kw>
<kw name="Click Element At Coordinates" library="SeleniumLibrary">
<doc>Click the element ``locator`` at ``xoffset/yoffset``.</doc>
<arguments>
<arg>name=uid</arg>
<arg>50</arg>
<arg>50</arg>
</arguments>
<msg timestamp="20201128 04:07:20.626" level="INFO">Clicking element 'name=uid' at coordinates x=50, y=50.</msg>
<status status="PASS" starttime="20201128 04:07:20.625" endtime="20201128 04:07:21.029"></status>
</kw>
<kw name="Element Text Should Be" library="SeleniumLibrary">
<doc>Verifies that element ``locator`` contains exact the text ``expected``.</doc>
<arguments>
<arg>id=message23</arg>
<arg>${message}[0]</arg>
</arguments>
<msg timestamp="20201128 04:07:21.033" level="INFO">Verifying element 'id=message23' contains exact text 'User-ID must not be blank'.</msg>
<status status="PASS" starttime="20201128 04:07:21.031" endtime="20201128 04:07:21.173"></status>
</kw>
<kw name="Click Element" library="SeleniumLibrary">
<doc>Click the element identified by ``locator``.</doc>
<arguments>
<arg>name=password</arg>
</arguments>
<msg timestamp="20201128 04:07:21.174" level="INFO">Clicking element 'name=password'.</msg>
<status status="PASS" starttime="20201128 04:07:21.173" endtime="20201128 04:07:21.965"></status>
</kw>
<kw name="Click Element At Coordinates" library="SeleniumLibrary">
<doc>Click the element ``locator`` at ``xoffset/yoffset``.</doc>
<arguments>
<arg>name=password</arg>
<arg>50</arg>
<arg>50</arg>
</arguments>
<msg timestamp="20201128 04:07:21.967" level="INFO">Clicking element 'name=password' at coordinates x=50, y=50.</msg>
<status status="PASS" starttime="20201128 04:07:21.966" endtime="20201128 04:07:22.418"></status>
</kw>
<kw name="Element Text Should Be" library="SeleniumLibrary">
<doc>Verifies that element ``locator`` contains exact the text ``expected``.</doc>
<arguments>
<arg>id=message18</arg>
<arg>${message}[1]</arg>
</arguments>
<msg timestamp="20201128 04:07:22.421" level="INFO">Verifying element 'id=message18' contains exact text 'Password must not be blank'.</msg>
<status status="PASS" starttime="20201128 04:07:22.419" endtime="20201128 04:07:22.633"></status>
</kw>
<kw name="Close Browser" library="SeleniumLibrary" type="teardown">
<doc>Closes the current browser.</doc>
<status status="PASS" starttime="20201128 04:07:22.633" endtime="20201128 04:07:25.651"></status>
</kw>
<doc>this is check login</doc>
<tags>
<tag>Login</tag>
</tags>
<status status="PASS" starttime="20201128 04:07:17.175" endtime="20201128 04:07:25.651" critical="yes"></status>
</test>
<test id="s1-s1-s1-s1-t2" name="GenerateAccessAndLogIn">
<kw name="Open Browser" library="SeleniumLibrary" type="setup">
<doc>Opens a new browser instance to the optional ``url``.</doc>
<arguments>
<arg>${URL}</arg>
<arg>${BROWSER}</arg>
</arguments>
<msg timestamp="20201128 04:07:25.658" level="INFO">Opening browser 'ie' to base url 'http://demo.guru99.com/V1/index.php'.</msg>
<status status="PASS" starttime="20201128 04:07:25.656" endtime="20201128 04:07:28.644"></status>
</kw>
<kw name="Set Browser Implicit Wait" library="SeleniumLibrary">
<doc>Sets the implicit wait value used by Selenium.</doc>
<arguments>
<arg>3</arg>
</arguments>
<status status="PASS" starttime="20201128 04:07:28.644" endtime="20201128 04:07:28.657"></status>
</kw>
<kw name="Maximize Browser Window" library="SeleniumLibrary">
<doc>Maximizes current browser window.</doc>
<status status="PASS" starttime="20201128 04:07:28.658" endtime="20201128 04:07:28.670"></status>
</kw>
<kw name="Click Element" library="SeleniumLibrary">
<doc>Click the element identified by ``locator``.</doc>
<arguments>
<arg>link=here</arg>
</arguments>
<msg timestamp="20201128 04:07:28.671" level="INFO">Clicking element 'link=here'.</msg>
<status status="PASS" starttime="20201128 04:07:28.670" endtime="20201128 04:07:31.444"></status>
</kw>
<kw name="Input Text" library="SeleniumLibrary">
<doc>Types the given ``text`` into the text field identified by ``locator``.</doc>
<arguments>
<arg>name=emailid</arg>
<arg>${email}</arg>
</arguments>
<msg timestamp="20201128 04:07:31.445" level="INFO">Typing text 'systemdrivervn@gmail.com' into text field 'name=emailid'.</msg>
<status status="PASS" starttime="20201128 04:07:31.444" endtime="20201128 04:07:31.930"></status>
</kw>
<kw name="Submit Form" library="SeleniumLibrary">
<doc>Submits a form identified by ``locator``.</doc>
<msg timestamp="20201128 04:07:31.931" level="INFO">Submitting form 'None'.</msg>
<status status="PASS" starttime="20201128 04:07:31.930" endtime="20201128 04:07:32.076"></status>
</kw>
<kw name="Get Text" library="SeleniumLibrary">
<doc>Returns the text value of the element identified by ``locator``.</doc>
<arguments>
<arg>xpath=//table/tbody/tr[4]/td[2]</arg>
</arguments>
<assign>
<var>${userID}</var>
</assign>
<msg timestamp="20201128 04:07:33.974" level="INFO">${userID} = mngr296870</msg>
<status status="PASS" starttime="20201128 04:07:32.076" endtime="20201128 04:07:33.975"></status>
</kw>
<kw name="Get Text" library="SeleniumLibrary">
<doc>Returns the text value of the element identified by ``locator``.</doc>
<arguments>
<arg>xpath=//table/tbody/tr[5]/td[2]</arg>
</arguments>
<assign>
<var>${password}</var>
</assign>
<msg timestamp="20201128 04:07:34.054" level="INFO">${password} = AtEmutY</msg>
<status status="PASS" starttime="20201128 04:07:33.975" endtime="20201128 04:07:34.054"></status>
</kw>
<kw name="Go Back" library="SeleniumLibrary">
<doc>Simulates the user clicking the back button on their browser.</doc>
<status status="PASS" starttime="20201128 04:07:34.054" endtime="20201128 04:07:36.006"></status>
</kw>
<kw name="Go Back" library="SeleniumLibrary">
<doc>Simulates the user clicking the back button on their browser.</doc>
<status status="PASS" starttime="20201128 04:07:36.006" endtime="20201128 04:07:38.213"></status>
</kw>
<kw name="Input Text" library="SeleniumLibrary">
<doc>Types the given ``text`` into the text field identified by ``locator``.</doc>
<arguments>
<arg>name=uid</arg>
<arg>${userID}</arg>
</arguments>
<msg timestamp="20201128 04:07:38.214" level="INFO">Typing text 'mngr296870' into text field 'name=uid'.</msg>
<status status="PASS" starttime="20201128 04:07:38.213" endtime="20201128 04:07:38.623"></status>
</kw>
<kw name="Input Text" library="SeleniumLibrary">
<doc>Types the given ``text`` into the text field identified by ``locator``.</doc>
<arguments>
<arg>name=password</arg>
<arg>${password}</arg>
</arguments>
<msg timestamp="20201128 04:07:38.624" level="INFO">Typing text 'AtEmutY' into text field 'name=password'.</msg>
<status status="PASS" starttime="20201128 04:07:38.623" endtime="20201128 04:07:39.044"></status>
</kw>
<kw name="Submit Form" library="SeleniumLibrary">
<doc>Submits a form identified by ``locator``.</doc>
<msg timestamp="20201128 04:07:39.045" level="INFO">Submitting form 'None'.</msg>
<status status="PASS" starttime="20201128 04:07:39.044" endtime="20201128 04:07:39.192"></status>
</kw>
<kw name="Element Text Should Be" library="SeleniumLibrary">
<doc>Verifies that element ``locator`` contains exact the text ``expected``.</doc>
<arguments>
<arg>xpath=//div[3]/div/ul/li[1]/a</arg>
<arg>Manager</arg>
</arguments>
<msg timestamp="20201128 04:07:39.193" level="INFO">Verifying element 'xpath=//div[3]/div/ul/li[1]/a' contains exact text 'Manager'.</msg>
<status status="PASS" starttime="20201128 04:07:39.193" endtime="20201128 04:07:40.460"></status>
</kw>
<kw name="Set Browser Implicit Wait" library="SeleniumLibrary">
<doc>Sets the implicit wait value used by Selenium.</doc>
<arguments>
<arg>0</arg>
</arguments>
<status status="PASS" starttime="20201128 04:07:40.460" endtime="20201128 04:07:40.472"></status>
</kw>
<kw name="Close Browser" library="SeleniumLibrary" type="teardown">
<doc>Closes the current browser.</doc>
<status status="PASS" starttime="20201128 04:07:40.472" endtime="20201128 04:07:43.487"></status>
</kw>
<tags>
<tag>Login</tag>
</tags>
<status status="PASS" starttime="20201128 04:07:25.654" endtime="20201128 04:07:43.488" critical="yes"></status>
</test>
<kw name="Log" library="BuiltIn" type="teardown">
<doc>Logs the given message with the given level.</doc>
<arguments>
<arg>This test was executed by %{username} on %{os}</arg>
</arguments>
<msg timestamp="20201128 04:07:43.492" level="INFO">This test was executed by Thong An Lol on Windows_NT</msg>
<status status="PASS" starttime="20201128 04:07:43.491" endtime="20201128 04:07:43.493"></status>
</kw>
<status status="PASS" starttime="20201128 04:07:16.994" endtime="20201128 04:07:43.493"></status>
</suite>
<status status="PASS" starttime="20201128 04:07:16.991" endtime="20201128 04:07:43.503"></status>
</suite>
<status status="PASS" starttime="20201128 04:07:16.988" endtime="20201128 04:07:43.510"></status>
</suite>
<status status="PASS" starttime="20201128 04:07:16.963" endtime="20201128 04:07:43.516"></status>
</suite>
<statistics>
<total>
<stat pass="2" fail="0">Critical Tests</stat>
<stat pass="2" fail="0">All Tests</stat>
</total>
<tag>
<stat pass="2" fail="0">Login</stat>
</tag>
<suite>
<stat pass="2" fail="0" id="s1" name="RobotProject">RobotProject</stat>
<stat pass="2" fail="0" id="s1-s1" name="RobotProject">RobotProject.RobotProject</stat>
<stat pass="2" fail="0" id="s1-s1-s1" name="Test">RobotProject.RobotProject.Test</stat>
<stat pass="2" fail="0" id="s1-s1-s1-s1" name="Login">RobotProject.RobotProject.Test.Login</stat>
</suite>
</statistics>
<errors>
</errors>
</robot>
