<?xml version="1.0" encoding="UTF-8"?>
<robot generator="Robot 3.2.2 (Python 3.9.0 on win32)" generated="20201127 23:48:55.740" rpa="false">
<suite id="s1" name="RobotProject" source="C:\Users\Minhsd\git\RobotProject_NguyenVanMinh\RobotProject">
<suite id="s1-s1" name="Test" source="C:\Users\Minhsd\git\RobotProject_NguyenVanMinh\RobotProject\test">
<suite id="s1-s1-s1" name="Login" source="C:\Users\Minhsd\git\RobotProject_NguyenVanMinh\RobotProject\test\Login.robot">
<kw name="Log" library="BuiltIn" type="setup">
<doc>Logs the given message with the given level.</doc>
<arguments>
<arg>Login Test Suite Start</arg>
</arguments>
<msg timestamp="20201127 23:48:55.923" level="INFO">Login Test Suite Start</msg>
<status status="PASS" starttime="20201127 23:48:55.922" endtime="20201127 23:48:55.923"></status>
</kw>
<test id="s1-s1-s1-t1" name="CheckInputTextField">
<kw name="Open Browser" library="SeleniumLibrary" type="setup">
<doc>Opens a new browser instance to the optional ``url``.</doc>
<arguments>
<arg>${URL}</arg>
<arg>chrome</arg>
</arguments>
<msg timestamp="20201127 23:48:55.924" level="INFO">Opening browser 'chrome' to base url 'http://demo.guru99.com/V1/index.php'.</msg>
<status status="PASS" starttime="20201127 23:48:55.924" endtime="20201127 23:48:59.939"></status>
</kw>
<kw name="Click Element" library="SeleniumLibrary">
<doc>Click the element identified by ``locator``.</doc>
<arguments>
<arg>name=uid</arg>
</arguments>
<msg timestamp="20201127 23:48:59.940" level="INFO">Clicking element 'name=uid'.</msg>
<status status="PASS" starttime="20201127 23:48:59.940" endtime="20201127 23:48:59.984"></status>
</kw>
<kw name="Click Element At Coordinates" library="SeleniumLibrary">
<doc>Click the element ``locator`` at ``xoffset/yoffset``.</doc>
<arguments>
<arg>name=uid</arg>
<arg>50</arg>
<arg>50</arg>
</arguments>
<msg timestamp="20201127 23:48:59.985" level="INFO">Clicking element 'name=uid' at coordinates x=50, y=50.</msg>
<status status="PASS" starttime="20201127 23:48:59.984" endtime="20201127 23:49:00.529"></status>
</kw>
<kw name="Element Text Should Be" library="SeleniumLibrary">
<doc>Verifies that element ``locator`` contains exact the text ``expected``.</doc>
<arguments>
<arg>id=message23</arg>
<arg>${message}[0]</arg>
</arguments>
<msg timestamp="20201127 23:49:00.532" level="INFO">Verifying element 'id=message23' contains exact text 'User-ID must not be blank'.</msg>
<status status="PASS" starttime="20201127 23:49:00.530" endtime="20201127 23:49:00.619"></status>
</kw>
<kw name="Click Element" library="SeleniumLibrary">
<doc>Click the element identified by ``locator``.</doc>
<arguments>
<arg>name=password</arg>
</arguments>
<msg timestamp="20201127 23:49:00.620" level="INFO">Clicking element 'name=password'.</msg>
<status status="PASS" starttime="20201127 23:49:00.619" endtime="20201127 23:49:00.657"></status>
</kw>
<kw name="Click Element At Coordinates" library="SeleniumLibrary">
<doc>Click the element ``locator`` at ``xoffset/yoffset``.</doc>
<arguments>
<arg>name=password</arg>
<arg>50</arg>
<arg>50</arg>
</arguments>
<msg timestamp="20201127 23:49:00.657" level="INFO">Clicking element 'name=password' at coordinates x=50, y=50.</msg>
<status status="PASS" starttime="20201127 23:49:00.657" endtime="20201127 23:49:01.233"></status>
</kw>
<kw name="Element Text Should Be" library="SeleniumLibrary">
<doc>Verifies that element ``locator`` contains exact the text ``expected``.</doc>
<arguments>
<arg>id=message18</arg>
<arg>${message}[1]</arg>
</arguments>
<msg timestamp="20201127 23:49:01.235" level="INFO">Verifying element 'id=message18' contains exact text 'Password must not be blank'.</msg>
<status status="PASS" starttime="20201127 23:49:01.233" endtime="20201127 23:49:01.931"></status>
</kw>
<kw name="Close Browser" library="SeleniumLibrary" type="teardown">
<doc>Closes the current browser.</doc>
<status status="PASS" starttime="20201127 23:49:01.932" endtime="20201127 23:49:04.065"></status>
</kw>
<doc>this is check login test</doc>
<status status="PASS" starttime="20201127 23:48:55.923" endtime="20201127 23:49:04.066" critical="yes"></status>
</test>
<test id="s1-s1-s1-t2" name="GenerateAccess">
<kw name="Open Browser" library="SeleniumLibrary" type="setup">
<doc>Opens a new browser instance to the optional ``url``.</doc>
<arguments>
<arg>${URL}</arg>
<arg>chrome</arg>
</arguments>
<msg timestamp="20201127 23:49:04.073" level="INFO">Opening browser 'chrome' to base url 'http://demo.guru99.com/V1/index.php'.</msg>
<status status="PASS" starttime="20201127 23:49:04.071" endtime="20201127 23:49:08.061"></status>
</kw>
<kw name="Click Element" library="SeleniumLibrary">
<doc>Click the element identified by ``locator``.</doc>
<arguments>
<arg>link=here</arg>
</arguments>
<msg timestamp="20201127 23:49:08.062" level="INFO">Clicking element 'link=here'.</msg>
<status status="PASS" starttime="20201127 23:49:08.062" endtime="20201127 23:49:09.330"></status>
</kw>
<kw name="Input Text" library="SeleniumLibrary">
<doc>Types the given ``text`` into the text field identified by ``locator``.</doc>
<arguments>
<arg>name=emailid</arg>
<arg>${email}</arg>
</arguments>
<msg timestamp="20201127 23:49:09.331" level="INFO">Typing text 'systemdrivervn@gmail.com' into text field 'name=emailid'.</msg>
<status status="PASS" starttime="20201127 23:49:09.331" endtime="20201127 23:49:09.437"></status>
</kw>
<kw name="Submit Form" library="SeleniumLibrary">
<doc>Submits a form identified by ``locator``.</doc>
<msg timestamp="20201127 23:49:09.438" level="INFO">Submitting form 'None'.</msg>
<status status="PASS" starttime="20201127 23:49:09.437" endtime="20201127 23:49:14.138"></status>
</kw>
<kw name="Get Text" library="SeleniumLibrary">
<doc>Returns the text value of the element identified by ``locator``.</doc>
<arguments>
<arg>xpath=//table/tbody/tr[4]/td[2]</arg>
</arguments>
<assign>
<var>${userID}</var>
</assign>
<msg timestamp="20201127 23:49:14.167" level="INFO">${userID} = mngr296870</msg>
<status status="PASS" starttime="20201127 23:49:14.139" endtime="20201127 23:49:14.168"></status>
</kw>
<kw name="Get Text" library="SeleniumLibrary">
<doc>Returns the text value of the element identified by ``locator``.</doc>
<arguments>
<arg>xpath=//table/tbody/tr[5]/td[2]</arg>
</arguments>
<assign>
<var>${password}</var>
</assign>
<msg timestamp="20201127 23:49:14.194" level="INFO">${password} = AtEmutY</msg>
<status status="PASS" starttime="20201127 23:49:14.168" endtime="20201127 23:49:14.194"></status>
</kw>
<kw name="Go Back" library="SeleniumLibrary">
<doc>Simulates the user clicking the back button on their browser.</doc>
<status status="PASS" starttime="20201127 23:49:14.195" endtime="20201127 23:49:14.531"></status>
</kw>
<kw name="Go Back" library="SeleniumLibrary">
<doc>Simulates the user clicking the back button on their browser.</doc>
<status status="PASS" starttime="20201127 23:49:14.531" endtime="20201127 23:49:14.870"></status>
</kw>
<kw name="Input Text" library="SeleniumLibrary">
<doc>Types the given ``text`` into the text field identified by ``locator``.</doc>
<arguments>
<arg>name=uid</arg>
<arg>${userID}</arg>
</arguments>
<msg timestamp="20201127 23:49:14.871" level="INFO">Typing text 'mngr296870' into text field 'name=uid'.</msg>
<status status="PASS" starttime="20201127 23:49:14.871" endtime="20201127 23:49:14.945"></status>
</kw>
<kw name="Input Text" library="SeleniumLibrary">
<doc>Types the given ``text`` into the text field identified by ``locator``.</doc>
<arguments>
<arg>name=password</arg>
<arg>${password}</arg>
</arguments>
<msg timestamp="20201127 23:49:14.946" level="INFO">Typing text 'AtEmutY' into text field 'name=password'.</msg>
<status status="PASS" starttime="20201127 23:49:14.945" endtime="20201127 23:49:15.016"></status>
</kw>
<kw name="Submit Form" library="SeleniumLibrary">
<doc>Submits a form identified by ``locator``.</doc>
<msg timestamp="20201127 23:49:15.016" level="INFO">Submitting form 'None'.</msg>
<status status="PASS" starttime="20201127 23:49:15.016" endtime="20201127 23:49:16.351"></status>
</kw>
<kw name="Element Text Should Be" library="SeleniumLibrary">
<doc>Verifies that element ``locator`` contains exact the text ``expected``.</doc>
<arguments>
<arg>xpath=//div[3]/div/ul/li[1]/a</arg>
<arg>Manager</arg>
</arguments>
<msg timestamp="20201127 23:49:16.352" level="INFO">Verifying element 'xpath=//div[3]/div/ul/li[1]/a' contains exact text 'Manager'.</msg>
<status status="PASS" starttime="20201127 23:49:16.352" endtime="20201127 23:49:16.371"></status>
</kw>
<kw name="Close Browser" library="SeleniumLibrary" type="teardown">
<doc>Closes the current browser.</doc>
<status status="PASS" starttime="20201127 23:49:16.371" endtime="20201127 23:49:18.504"></status>
</kw>
<status status="PASS" starttime="20201127 23:49:04.068" endtime="20201127 23:49:18.505" critical="yes"></status>
</test>
<kw name="Log" library="BuiltIn" type="teardown">
<doc>Logs the given message with the given level.</doc>
<arguments>
<arg>This test was executed by %{username} on %{os}</arg>
</arguments>
<msg timestamp="20201127 23:49:18.510" level="INFO">This test was executed by Minhsd on Windows_NT</msg>
<status status="PASS" starttime="20201127 23:49:18.508" endtime="20201127 23:49:18.511"></status>
</kw>
<status status="PASS" starttime="20201127 23:48:55.790" endtime="20201127 23:49:18.511"></status>
</suite>
<status status="PASS" starttime="20201127 23:48:55.787" endtime="20201127 23:49:18.518"></status>
</suite>
<status status="PASS" starttime="20201127 23:48:55.768" endtime="20201127 23:49:18.523"></status>
</suite>
<statistics>
<total>
<stat pass="2" fail="0">Critical Tests</stat>
<stat pass="2" fail="0">All Tests</stat>
</total>
<tag>
</tag>
<suite>
<stat pass="2" fail="0" id="s1" name="RobotProject">RobotProject</stat>
<stat pass="2" fail="0" id="s1-s1" name="Test">RobotProject.Test</stat>
<stat pass="2" fail="0" id="s1-s1-s1" name="Login">RobotProject.Test.Login</stat>
</suite>
</statistics>
<errors>
</errors>
</robot>
