<?xml version="1.0" encoding="UTF-8"?>
<robot generator="Robot 3.2.2 (Python 3.9.0 on win32)" generated="20201128 04:26:01.652" rpa="false">
<suite id="s1" name="RobotProject" source="C:\Users\Minhsd\git\RobotProject_NguyenVanMinh\RobotProject">
<suite id="s1-s1" name="Test" source="C:\Users\Minhsd\git\RobotProject_NguyenVanMinh\RobotProject\test">
<suite id="s1-s1-s1" name="Login" source="C:\Users\Minhsd\git\RobotProject_NguyenVanMinh\RobotProject\test\Login.robot">
<kw name="Log" library="BuiltIn" type="setup">
<doc>Logs the given message with the given level.</doc>
<arguments>
<arg>Login Test Suite Start</arg>
</arguments>
<msg timestamp="20201128 04:26:01.842" level="INFO">Login Test Suite Start</msg>
<status status="PASS" starttime="20201128 04:26:01.842" endtime="20201128 04:26:01.842"></status>
</kw>
<test id="s1-s1-s1-t1" name="CheckInputTextField">
<kw name="Open Browser" library="SeleniumLibrary" type="setup">
<doc>Opens a new browser instance to the optional ``url``.</doc>
<arguments>
<arg>${URL}</arg>
<arg>${BROWSER}</arg>
</arguments>
<msg timestamp="20201128 04:26:01.844" level="INFO">Opening browser 'chrome' to base url 'http://demo.guru99.com/V1/index.php'.</msg>
<status status="PASS" starttime="20201128 04:26:01.843" endtime="20201128 04:26:06.130"></status>
</kw>
<kw name="Maximize Browser Window" library="SeleniumLibrary">
<doc>Maximizes current browser window.</doc>
<status status="PASS" starttime="20201128 04:26:06.131" endtime="20201128 04:26:07.250"></status>
</kw>
<kw name="Click Element" library="SeleniumLibrary">
<doc>Click the element identified by ``locator``.</doc>
<arguments>
<arg>name=uid</arg>
</arguments>
<msg timestamp="20201128 04:26:07.250" level="INFO">Clicking element 'name=uid'.</msg>
<status status="PASS" starttime="20201128 04:26:07.250" endtime="20201128 04:26:07.514"></status>
</kw>
<kw name="Click Element At Coordinates" library="SeleniumLibrary">
<doc>Click the element ``locator`` at ``xoffset/yoffset``.</doc>
<arguments>
<arg>name=uid</arg>
<arg>50</arg>
<arg>50</arg>
</arguments>
<msg timestamp="20201128 04:26:07.515" level="INFO">Clicking element 'name=uid' at coordinates x=50, y=50.</msg>
<status status="PASS" starttime="20201128 04:26:07.514" endtime="20201128 04:26:08.383"></status>
</kw>
<kw name="Element Text Should Be" library="SeleniumLibrary">
<doc>Verifies that element ``locator`` contains exact the text ``expected``.</doc>
<arguments>
<arg>id=message23</arg>
<arg>${message}[0]</arg>
</arguments>
<msg timestamp="20201128 04:26:08.387" level="INFO">Verifying element 'id=message23' contains exact text 'User-ID must not be blank'.</msg>
<status status="PASS" starttime="20201128 04:26:08.384" endtime="20201128 04:26:08.428"></status>
</kw>
<kw name="Click Element" library="SeleniumLibrary">
<doc>Click the element identified by ``locator``.</doc>
<arguments>
<arg>name=password</arg>
</arguments>
<msg timestamp="20201128 04:26:08.429" level="INFO">Clicking element 'name=password'.</msg>
<status status="PASS" starttime="20201128 04:26:08.429" endtime="20201128 04:26:08.508"></status>
</kw>
<kw name="Click Element At Coordinates" library="SeleniumLibrary">
<doc>Click the element ``locator`` at ``xoffset/yoffset``.</doc>
<arguments>
<arg>name=password</arg>
<arg>50</arg>
<arg>50</arg>
</arguments>
<msg timestamp="20201128 04:26:08.509" level="INFO">Clicking element 'name=password' at coordinates x=50, y=50.</msg>
<status status="PASS" starttime="20201128 04:26:08.509" endtime="20201128 04:26:09.061"></status>
</kw>
<kw name="Element Text Should Be" library="SeleniumLibrary">
<doc>Verifies that element ``locator`` contains exact the text ``expected``.</doc>
<arguments>
<arg>id=message18</arg>
<arg>${message}[1]</arg>
</arguments>
<msg timestamp="20201128 04:26:09.065" level="INFO">Verifying element 'id=message18' contains exact text 'Password must not be blank'.</msg>
<status status="PASS" starttime="20201128 04:26:09.063" endtime="20201128 04:26:09.113"></status>
</kw>
<kw name="Close Browser" library="SeleniumLibrary" type="teardown">
<doc>Closes the current browser.</doc>
<status status="PASS" starttime="20201128 04:26:09.114" endtime="20201128 04:26:11.257"></status>
</kw>
<doc>Click outside inputfield after click inside inputfield</doc>
<tags>
<tag>Login</tag>
</tags>
<status status="PASS" starttime="20201128 04:26:01.843" endtime="20201128 04:26:11.257" critical="yes"></status>
</test>
<test id="s1-s1-s1-t2" name="GenerateAccessAndLogIn">
<kw name="Open Browser" library="SeleniumLibrary" type="setup">
<doc>Opens a new browser instance to the optional ``url``.</doc>
<arguments>
<arg>${URL}</arg>
<arg>${BROWSER}</arg>
</arguments>
<msg timestamp="20201128 04:26:11.265" level="INFO">Opening browser 'chrome' to base url 'http://demo.guru99.com/V1/index.php'.</msg>
<status status="PASS" starttime="20201128 04:26:11.263" endtime="20201128 04:26:15.115"></status>
</kw>
<kw name="Set Browser Implicit Wait" library="SeleniumLibrary">
<doc>Sets the implicit wait value used by Selenium.</doc>
<arguments>
<arg>3</arg>
</arguments>
<status status="PASS" starttime="20201128 04:26:15.115" endtime="20201128 04:26:15.117"></status>
</kw>
<kw name="Maximize Browser Window" library="SeleniumLibrary">
<doc>Maximizes current browser window.</doc>
<status status="PASS" starttime="20201128 04:26:15.117" endtime="20201128 04:26:16.243"></status>
</kw>
<kw name="Click Element" library="SeleniumLibrary">
<doc>Click the element identified by ``locator``.</doc>
<arguments>
<arg>link=here</arg>
</arguments>
<msg timestamp="20201128 04:26:16.243" level="INFO">Clicking element 'link=here'.</msg>
<status status="PASS" starttime="20201128 04:26:16.243" endtime="20201128 04:26:21.193"></status>
</kw>
<kw name="Input Text" library="SeleniumLibrary">
<doc>Types the given ``text`` into the text field identified by ``locator``.</doc>
<arguments>
<arg>xpath=//table/tbody/tr[5]/td[2]/input</arg>
<arg>${email}</arg>
</arguments>
<msg timestamp="20201128 04:26:21.196" level="INFO">Typing text 'systemdrivervn@gmail.com' into text field 'xpath=//table/tbody/tr[5]/td[2]/input'.</msg>
<status status="PASS" starttime="20201128 04:26:21.194" endtime="20201128 04:26:21.476"></status>
</kw>
<kw name="Submit Form" library="SeleniumLibrary">
<doc>Submits a form identified by ``locator``.</doc>
<msg timestamp="20201128 04:26:21.477" level="INFO">Submitting form 'None'.</msg>
<status status="PASS" starttime="20201128 04:26:21.477" endtime="20201128 04:26:23.302"></status>
</kw>
<kw name="Get Text" library="SeleniumLibrary">
<doc>Returns the text value of the element identified by ``locator``.</doc>
<arguments>
<arg>xpath=//table/tbody/tr[4]/td[2]</arg>
</arguments>
<assign>
<var>${userID}</var>
</assign>
<msg timestamp="20201128 04:26:23.326" level="INFO">${userID} = mngr296870</msg>
<status status="PASS" starttime="20201128 04:26:23.302" endtime="20201128 04:26:23.326"></status>
</kw>
<kw name="Get Text" library="SeleniumLibrary">
<doc>Returns the text value of the element identified by ``locator``.</doc>
<arguments>
<arg>xpath=//table/tbody/tr[5]/td[2]</arg>
</arguments>
<assign>
<var>${password}</var>
</assign>
<msg timestamp="20201128 04:26:23.348" level="INFO">${password} = AtEmutY</msg>
<status status="PASS" starttime="20201128 04:26:23.326" endtime="20201128 04:26:23.348"></status>
</kw>
<kw name="Go Back" library="SeleniumLibrary">
<doc>Simulates the user clicking the back button on their browser.</doc>
<status status="PASS" starttime="20201128 04:26:23.348" endtime="20201128 04:26:23.662"></status>
</kw>
<kw name="Go Back" library="SeleniumLibrary">
<doc>Simulates the user clicking the back button on their browser.</doc>
<status status="PASS" starttime="20201128 04:26:23.662" endtime="20201128 04:26:24.024"></status>
</kw>
<kw name="Input Text" library="SeleniumLibrary">
<doc>Types the given ``text`` into the text field identified by ``locator``.</doc>
<arguments>
<arg>name=uid</arg>
<arg>${userID}</arg>
</arguments>
<msg timestamp="20201128 04:26:24.025" level="INFO">Typing text 'mngr296870' into text field 'name=uid'.</msg>
<status status="PASS" starttime="20201128 04:26:24.024" endtime="20201128 04:26:24.120"></status>
</kw>
<kw name="Input Text" library="SeleniumLibrary">
<doc>Types the given ``text`` into the text field identified by ``locator``.</doc>
<arguments>
<arg>name=password</arg>
<arg>${password}</arg>
</arguments>
<msg timestamp="20201128 04:26:24.122" level="INFO">Typing text 'AtEmutY' into text field 'name=password'.</msg>
<status status="PASS" starttime="20201128 04:26:24.121" endtime="20201128 04:26:24.199"></status>
</kw>
<kw name="Submit Form" library="SeleniumLibrary">
<doc>Submits a form identified by ``locator``.</doc>
<msg timestamp="20201128 04:26:24.199" level="INFO">Submitting form 'None'.</msg>
<status status="PASS" starttime="20201128 04:26:24.199" endtime="20201128 04:26:25.678"></status>
</kw>
<kw name="Element Text Should Be" library="SeleniumLibrary">
<doc>Verifies that element ``locator`` contains exact the text ``expected``.</doc>
<arguments>
<arg>xpath=//div[3]/div/ul/li[1]/a</arg>
<arg>Manager</arg>
</arguments>
<msg timestamp="20201128 04:26:25.679" level="INFO">Verifying element 'xpath=//div[3]/div/ul/li[1]/a' contains exact text 'Manager'.</msg>
<status status="PASS" starttime="20201128 04:26:25.678" endtime="20201128 04:26:25.717"></status>
</kw>
<kw name="Set Browser Implicit Wait" library="SeleniumLibrary">
<doc>Sets the implicit wait value used by Selenium.</doc>
<arguments>
<arg>0</arg>
</arguments>
<status status="PASS" starttime="20201128 04:26:25.718" endtime="20201128 04:26:25.719"></status>
</kw>
<kw name="Close Browser" library="SeleniumLibrary" type="teardown">
<doc>Closes the current browser.</doc>
<status status="PASS" starttime="20201128 04:26:25.721" endtime="20201128 04:26:27.810"></status>
</kw>
<doc>Get userId, password And Login</doc>
<tags>
<tag>Login</tag>
</tags>
<status status="PASS" starttime="20201128 04:26:11.260" endtime="20201128 04:26:27.811" critical="yes"></status>
</test>
<kw name="Log" library="BuiltIn" type="teardown">
<doc>Logs the given message with the given level.</doc>
<arguments>
<arg>This test was executed by %{username} on %{os}</arg>
</arguments>
<msg timestamp="20201128 04:26:27.816" level="INFO">This test was executed by Minhsd on Windows_NT</msg>
<status status="PASS" starttime="20201128 04:26:27.815" endtime="20201128 04:26:27.817"></status>
</kw>
<status status="PASS" starttime="20201128 04:26:01.696" endtime="20201128 04:26:27.817"></status>
</suite>
<status status="PASS" starttime="20201128 04:26:01.693" endtime="20201128 04:26:27.827"></status>
</suite>
<status status="PASS" starttime="20201128 04:26:01.675" endtime="20201128 04:26:27.834"></status>
</suite>
<statistics>
<total>
<stat pass="2" fail="0">Critical Tests</stat>
<stat pass="2" fail="0">All Tests</stat>
</total>
<tag>
<stat pass="2" fail="0">Login</stat>
</tag>
<suite>
<stat pass="2" fail="0" id="s1" name="RobotProject">RobotProject</stat>
<stat pass="2" fail="0" id="s1-s1" name="Test">RobotProject.Test</stat>
<stat pass="2" fail="0" id="s1-s1-s1" name="Login">RobotProject.Test.Login</stat>
</suite>
</statistics>
<errors>
</errors>
</robot>
